<?xml version="1.0" encoding="UTF-8"?>
<robot generator="Robot 4.1.2 (Python 3.8.10 on linux)" generated="20220712 15:17:07.176" rpa="false" schemaversion="2">
<suite id="s1" name="Dh" source="/home/francieli/Documentos/CTD2022/projeto-integrador-v1.0_equipe4/Tests/TestesAutomaticosRobot/dh.robot">
<test id="s1-t1" name="Validação da reserva">
<kw name="Abrir o site" library="dh" type="SETUP">
<kw name="Open Browser" library="SeleniumLibrary">
<arg>${URL}</arg>
<arg>${NAVEGADOR}</arg>
<doc>Opens a new browser instance to the optional ``url``.</doc>
<msg timestamp="20220712 15:17:07.361" level="INFO">Opening browser 'Chrome' to base url 'http://localhost:3000/'.</msg>
<status status="PASS" starttime="20220712 15:17:07.360" endtime="20220712 15:17:10.769"/>
</kw>
<kw name="Maximize Browser Window" library="SeleniumLibrary">
<doc>Maximizes current browser window.</doc>
<status status="PASS" starttime="20220712 15:17:10.770" endtime="20220712 15:17:10.924"/>
</kw>
<kw name="Set Selenium Speed" library="SeleniumLibrary">
<arg>0.5</arg>
<doc>Sets the delay that is waited after each Selenium command.</doc>
<status status="PASS" starttime="20220712 15:17:10.924" endtime="20220712 15:17:10.925"/>
</kw>
<status status="PASS" starttime="20220712 15:17:07.359" endtime="20220712 15:17:10.925"/>
</kw>
<kw name="Clicar em “Criar Login”" library="dh">
<kw name="Wait and Click" library="dh">
<arg>${CLICAR_LOGIN}</arg>
<kw name="Wait Until Element Is Visible" library="SeleniumLibrary">
<arg>${ELEMENTO}</arg>
<doc>Waits until the element ``locator`` is visible.</doc>
<status status="PASS" starttime="20220712 15:17:10.929" endtime="20220712 15:17:11.992"/>
</kw>
<kw name="Wait Until Element Is Enabled" library="SeleniumLibrary">
<arg>${ELEMENTO}</arg>
<doc>Waits until the element ``locator`` is enabled.</doc>
<status status="PASS" starttime="20220712 15:17:11.993" endtime="20220712 15:17:13.550"/>
</kw>
<kw name="Scroll Element Into View" library="SeleniumLibrary">
<arg>${ELEMENTO}</arg>
<doc>Scrolls the element identified by ``locator`` into view.</doc>
<status status="PASS" starttime="20220712 15:17:13.551" endtime="20220712 15:17:14.828"/>
</kw>
<kw name="Click Element" library="SeleniumLibrary">
<arg>${ELEMENTO}</arg>
<doc>Click the element identified by ``locator``.</doc>
<msg timestamp="20220712 15:17:14.829" level="INFO">Clicking element 'css=.header-rightLink:nth-child(3)'.</msg>
<status status="PASS" starttime="20220712 15:17:14.828" endtime="20220712 15:17:16.437"/>
</kw>
<status status="PASS" starttime="20220712 15:17:10.928" endtime="20220712 15:17:16.438"/>
</kw>
<status status="PASS" starttime="20220712 15:17:10.927" endtime="20220712 15:17:16.438"/>
</kw>
<kw name="Preencher email" library="dh">
<kw name="Wait and Input Text" library="dh">
<arg>${PREENCHER_EMAIL_LOGIN}</arg>
<arg>${EMAIL_LOGIN}</arg>
<kw name="Wait Until Element Is Visible" library="SeleniumLibrary">
<arg>${ELEMENTO}</arg>
<doc>Waits until the element ``locator`` is visible.</doc>
<status status="PASS" starttime="20220712 15:17:16.442" endtime="20220712 15:17:17.487"/>
</kw>
<kw name="Wait Until Element Is Enabled" library="SeleniumLibrary">
<arg>${ELEMENTO}</arg>
<doc>Waits until the element ``locator`` is enabled.</doc>
<status status="PASS" starttime="20220712 15:17:17.487" endtime="20220712 15:17:19.034"/>
</kw>
<kw name="Scroll Element Into View" library="SeleniumLibrary">
<arg>${ELEMENTO}</arg>
<doc>Scrolls the element identified by ``locator`` into view.</doc>
<status status="PASS" starttime="20220712 15:17:19.034" endtime="20220712 15:17:20.311"/>
</kw>
<kw name="Input Text" library="SeleniumLibrary">
<arg>${ELEMENTO}</arg>
<arg>${TEXTO}</arg>
<doc>Types the given ``text`` into the text field identified by ``locator``.</doc>
<msg timestamp="20220712 15:17:20.312" level="INFO">Typing text 'francieliceleghim2013@gmail.com' into text field 'id=email'.</msg>
<status status="PASS" starttime="20220712 15:17:20.311" endtime="20220712 15:17:22.006"/>
</kw>
<status status="PASS" starttime="20220712 15:17:16.440" endtime="20220712 15:17:22.007"/>
</kw>
<status status="PASS" starttime="20220712 15:17:16.439" endtime="20220712 15:17:22.007"/>
</kw>
<kw name="Preencher senha" library="dh">
<kw name="Wait and Input Text" library="dh">
<arg>${PREENCHER_SENHA_LOGIN}</arg>
<arg>${SENHA_LOGIN}</arg>
<kw name="Wait Until Element Is Visible" library="SeleniumLibrary">
<arg>${ELEMENTO}</arg>
<doc>Waits until the element ``locator`` is visible.</doc>
<status status="PASS" starttime="20220712 15:17:22.010" endtime="20220712 15:17:23.053"/>
</kw>
<kw name="Wait Until Element Is Enabled" library="SeleniumLibrary">
<arg>${ELEMENTO}</arg>
<doc>Waits until the element ``locator`` is enabled.</doc>
<status status="PASS" starttime="20220712 15:17:23.053" endtime="20220712 15:17:24.601"/>
</kw>
<kw name="Scroll Element Into View" library="SeleniumLibrary">
<arg>${ELEMENTO}</arg>
<doc>Scrolls the element identified by ``locator`` into view.</doc>
<status status="PASS" starttime="20220712 15:17:24.601" endtime="20220712 15:17:25.884"/>
</kw>
<kw name="Input Text" library="SeleniumLibrary">
<arg>${ELEMENTO}</arg>
<arg>${TEXTO}</arg>
<doc>Types the given ``text`` into the text field identified by ``locator``.</doc>
<msg timestamp="20220712 15:17:25.886" level="INFO">Typing text '1234567' into text field 'id=password'.</msg>
<status status="PASS" starttime="20220712 15:17:25.885" endtime="20220712 15:17:27.562"/>
</kw>
<status status="PASS" starttime="20220712 15:17:22.009" endtime="20220712 15:17:27.562"/>
</kw>
<status status="PASS" starttime="20220712 15:17:22.008" endtime="20220712 15:17:27.563"/>
</kw>
<kw name="Clicar em Entrar" library="dh">
<kw name="Wait and Click" library="dh">
<arg>${CLICAR_ENTRAR_LOGIN}</arg>
<kw name="Wait Until Element Is Visible" library="SeleniumLibrary">
<arg>${ELEMENTO}</arg>
<doc>Waits until the element ``locator`` is visible.</doc>
<status status="PASS" starttime="20220712 15:17:27.566" endtime="20220712 15:17:28.605"/>
</kw>
<kw name="Wait Until Element Is Enabled" library="SeleniumLibrary">
<arg>${ELEMENTO}</arg>
<doc>Waits until the element ``locator`` is enabled.</doc>
<status status="PASS" starttime="20220712 15:17:28.605" endtime="20220712 15:17:30.143"/>
</kw>
<kw name="Scroll Element Into View" library="SeleniumLibrary">
<arg>${ELEMENTO}</arg>
<doc>Scrolls the element identified by ``locator`` into view.</doc>
<status status="PASS" starttime="20220712 15:17:30.143" endtime="20220712 15:17:31.423"/>
</kw>
<kw name="Click Element" library="SeleniumLibrary">
<arg>${ELEMENTO}</arg>
<doc>Click the element identified by ``locator``.</doc>
<msg timestamp="20220712 15:17:31.425" level="INFO">Clicking element 'css=button'.</msg>
<status status="PASS" starttime="20220712 15:17:31.424" endtime="20220712 15:17:32.532"/>
</kw>
<status status="PASS" starttime="20220712 15:17:27.564" endtime="20220712 15:17:32.532"/>
</kw>
<status status="PASS" starttime="20220712 15:17:27.563" endtime="20220712 15:17:32.532"/>
</kw>
<kw name="Clicar em “Conheça nosa Frota”" library="dh">
<kw name="Wait and Click" library="dh">
<arg>${CLICAR_CONHEÇA_NOSSA_FROTA}</arg>
<kw name="Wait Until Element Is Visible" library="SeleniumLibrary">
<arg>${ELEMENTO}</arg>
<doc>Waits until the element ``locator`` is visible.</doc>
<status status="PASS" starttime="20220712 15:17:32.535" endtime="20220712 15:17:33.572"/>
</kw>
<kw name="Wait Until Element Is Enabled" library="SeleniumLibrary">
<arg>${ELEMENTO}</arg>
<doc>Waits until the element ``locator`` is enabled.</doc>
<status status="PASS" starttime="20220712 15:17:33.572" endtime="20220712 15:17:35.114"/>
</kw>
<kw name="Scroll Element Into View" library="SeleniumLibrary">
<arg>${ELEMENTO}</arg>
<doc>Scrolls the element identified by ``locator`` into view.</doc>
<status status="PASS" starttime="20220712 15:17:35.115" endtime="20220712 15:17:36.407"/>
</kw>
<kw name="Click Element" library="SeleniumLibrary">
<arg>${ELEMENTO}</arg>
<doc>Click the element identified by ``locator``.</doc>
<msg timestamp="20220712 15:17:36.410" level="INFO">Clicking element 'css=.header-rightLink &gt; span'.</msg>
<status status="PASS" starttime="20220712 15:17:36.408" endtime="20220712 15:17:37.574"/>
</kw>
<status status="PASS" starttime="20220712 15:17:32.534" endtime="20220712 15:17:37.575"/>
</kw>
<status status="PASS" starttime="20220712 15:17:32.533" endtime="20220712 15:17:37.575"/>
</kw>
<kw name="Validação Caoa Chery iCar" library="dh">
<kw name="Wait Until Element Is Visible" library="SeleniumLibrary">
<arg>${TITULO_PRODUTO}</arg>
<doc>Waits until the element ``locator`` is visible.</doc>
<status status="PASS" starttime="20220712 15:17:37.578" endtime="20220712 15:17:38.615"/>
</kw>
<kw name="Element Should Contain" library="SeleniumLibrary">
<arg>${TITULO_PRODUTO}</arg>
<arg>${TEXTO_TITULO_PRODUTO}</arg>
<doc>Verifies that element ``locator`` contains text ``expected``.</doc>
<msg timestamp="20220712 15:17:39.651" level="INFO">Element 'xpath=(//div[@id='page-container']/ul/li/div/h3[2])[2]' contains text 'Caoa Chery iCar'.</msg>
<status status="PASS" starttime="20220712 15:17:38.616" endtime="20220712 15:17:39.651"/>
</kw>
<status status="PASS" starttime="20220712 15:17:37.576" endtime="20220712 15:17:39.652"/>
</kw>
<kw name="Clicar em &quot;Mais Detalhes&quot;" library="dh">
<kw name="Wait and Click" library="dh">
<arg>${CLICAR_MAIS_DETALHES}</arg>
<kw name="Wait Until Element Is Visible" library="SeleniumLibrary">
<arg>${ELEMENTO}</arg>
<doc>Waits until the element ``locator`` is visible.</doc>
<status status="PASS" starttime="20220712 15:17:39.653" endtime="20220712 15:17:40.684"/>
</kw>
<kw name="Wait Until Element Is Enabled" library="SeleniumLibrary">
<arg>${ELEMENTO}</arg>
<doc>Waits until the element ``locator`` is enabled.</doc>
<status status="PASS" starttime="20220712 15:17:40.685" endtime="20220712 15:17:42.234"/>
</kw>
<kw name="Scroll Element Into View" library="SeleniumLibrary">
<arg>${ELEMENTO}</arg>
<doc>Scrolls the element identified by ``locator`` into view.</doc>
<status status="PASS" starttime="20220712 15:17:42.235" endtime="20220712 15:17:43.522"/>
</kw>
<kw name="Click Element" library="SeleniumLibrary">
<arg>${ELEMENTO}</arg>
<doc>Click the element identified by ``locator``.</doc>
<msg timestamp="20220712 15:17:43.524" level="INFO">Clicking element 'xpath=(//div[@id='page-container']/ul/li/button)[2]'.</msg>
<status status="PASS" starttime="20220712 15:17:43.523" endtime="20220712 15:17:44.791"/>
</kw>
<status status="PASS" starttime="20220712 15:17:39.653" endtime="20220712 15:17:44.791"/>
</kw>
<status status="PASS" starttime="20220712 15:17:39.652" endtime="20220712 15:17:44.792"/>
</kw>
<kw name="Clicar em &quot;Reserve Agora&quot;" library="dh">
<kw name="Wait and Click" library="dh">
<arg>${CLICAR_RESERVE_AGORA}</arg>
<kw name="Wait Until Element Is Visible" library="SeleniumLibrary">
<arg>${ELEMENTO}</arg>
<doc>Waits until the element ``locator`` is visible.</doc>
<status status="PASS" starttime="20220712 15:17:44.796" endtime="20220712 15:17:45.823"/>
</kw>
<kw name="Wait Until Element Is Enabled" library="SeleniumLibrary">
<arg>${ELEMENTO}</arg>
<doc>Waits until the element ``locator`` is enabled.</doc>
<status status="PASS" starttime="20220712 15:17:45.824" endtime="20220712 15:17:47.374"/>
</kw>
<kw name="Scroll Element Into View" library="SeleniumLibrary">
<arg>${ELEMENTO}</arg>
<doc>Scrolls the element identified by ``locator`` into view.</doc>
<status status="PASS" starttime="20220712 15:17:47.374" endtime="20220712 15:17:48.659"/>
</kw>
<kw name="Click Element" library="SeleniumLibrary">
<arg>${ELEMENTO}</arg>
<doc>Click the element identified by ``locator``.</doc>
<msg timestamp="20220712 15:17:48.661" level="INFO">Clicking element 'css=.ButtonModal'.</msg>
<status status="PASS" starttime="20220712 15:17:48.660" endtime="20220712 15:17:49.858"/>
</kw>
<status status="PASS" starttime="20220712 15:17:44.794" endtime="20220712 15:17:49.858"/>
</kw>
<status status="PASS" starttime="20220712 15:17:44.792" endtime="20220712 15:17:49.859"/>
</kw>
<kw name="Validar as datas de reserva" library="dh">
<kw name="Element Should Contain" library="SeleniumLibrary">
<arg>${DATA_INICIO}</arg>
<arg>${VALOR_DATA_INICIO}</arg>
<doc>Verifies that element ``locator`` contains text ``expected``.</doc>
<kw name="Capture Page Screenshot" library="SeleniumLibrary">
<doc>Takes a screenshot of the current page and embeds it into a log file.</doc>
<msg timestamp="20220712 15:17:51.682" level="INFO" html="true">&lt;/td&gt;&lt;/tr&gt;&lt;tr&gt;&lt;td colspan="3"&gt;&lt;a href="selenium-screenshot-56.png"&gt;&lt;img src="selenium-screenshot-56.png" width="800px"&gt;&lt;/a&gt;</msg>
<status status="PASS" starttime="20220712 15:17:50.904" endtime="20220712 15:17:51.682"/>
</kw>
<msg timestamp="20220712 15:17:51.686" level="FAIL">Element 'xpath=//input[@placeholder='Early']' should have contained text 'Jul 22, 2022' but its text was ''.</msg>
<status status="FAIL" starttime="20220712 15:17:49.861" endtime="20220712 15:17:51.686"/>
</kw>
<kw name="Element Should Contain" library="SeleniumLibrary">
<arg>${DATA_FIM}</arg>
<arg>${VALOR_DATA_FIM}</arg>
<doc>Verifies that element ``locator`` contains text ``expected``.</doc>
<status status="NOT RUN" starttime="20220712 15:17:51.687" endtime="20220712 15:17:51.687"/>
</kw>
<status status="FAIL" starttime="20220712 15:17:49.859" endtime="20220712 15:17:51.688"/>
</kw>
<kw name="Close Browser" library="SeleniumLibrary" type="TEARDOWN">
<doc>Closes the current browser.</doc>
<status status="PASS" starttime="20220712 15:17:51.690" endtime="20220712 15:17:52.252"/>
</kw>
<status status="FAIL" starttime="20220712 15:17:07.358" endtime="20220712 15:17:52.253">Element 'xpath=//input[@placeholder='Early']' should have contained text 'Jul 22, 2022' but its text was ''.</status>
</test>
<status status="FAIL" starttime="20220712 15:17:07.178" endtime="20220712 15:17:52.255"/>
</suite>
<statistics>
<total>
<stat pass="0" fail="1" skip="0">All Tests</stat>
</total>
<tag>
</tag>
<suite>
<stat pass="0" fail="1" skip="0" id="s1" name="Dh">Dh</stat>
</suite>
</statistics>
<errors>
</errors>
</robot>
